<?xml version="1.0" encoding="utf-8"?><testsuites><testsuite name="pytest" errors="0" failures="0" skipped="0" tests="22" time="1.234" timestamp="2024-10-10T14:56:21.880456+02:00" hostname="darkstar"><testcase classname="tests.unit.test_charm.TestCharm" name="test_initial_hooks" time="0.015" /><testcase classname="tests.scenario.test_deploy" name="test_pebble_ready_plan[all]" time="0.059" /><testcase classname="tests.scenario.test_deploy" name="test_pebble_ready_plan[querier]" time="0.051" /><testcase classname="tests.scenario.test_deploy" name="test_pebble_ready_plan[query-frontend]" time="0.049" /><testcase classname="tests.scenario.test_deploy" name="test_pebble_ready_plan[ingester]" time="0.053" /><testcase classname="tests.scenario.test_deploy" name="test_pebble_ready_plan[distributor]" time="0.050" /><testcase classname="tests.scenario.test_deploy" name="test_pebble_ready_plan[compactor]" time="0.054" /><testcase classname="tests.scenario.test_deploy" name="test_pebble_ready_plan[metrics-generator]" time="0.052" /><testcase classname="tests.scenario.test_deploy" name="test_role[all-all]" time="0.047" /><testcase classname="tests.scenario.test_deploy" name="test_role[querier-querier]" time="0.047" /><testcase classname="tests.scenario.test_deploy" name="test_role[query-frontend-query-frontend]" time="0.049" /><testcase classname="tests.scenario.test_deploy" name="test_role[ingester-ingester]" time="0.049" /><testcase classname="tests.scenario.test_deploy" name="test_role[distributor-distributor]" time="0.051" /><testcase classname="tests.scenario.test_deploy" name="test_role[compactor-compactor]" time="0.055" /><testcase classname="tests.scenario.test_deploy" name="test_role[metrics-generator-metrics-generator]" time="0.051" /><testcase classname="tests.scenario.test_deploy" name="test_config_juju_topology[all]" time="0.062" /><testcase classname="tests.scenario.test_deploy" name="test_config_juju_topology[metrics-generator]" time="0.064" /><testcase classname="tests.scenario.test_status" name="test_status_remote_write_endpoints[all-expected0]" time="0.053" /><testcase classname="tests.scenario.test_status" name="test_status_remote_write_endpoints[metrics-generator-expected1]" time="0.055" /><testcase classname="tests.scenario.test_status" name="test_status_too_many_roles_enabled[roles_enabled0]" time="0.055" /><testcase classname="tests.scenario.test_status" name="test_status_too_many_roles_enabled[roles_enabled1]" time="0.059" /><testcase classname="tests.scenario.test_status" name="test_status_too_many_roles_enabled[roles_enabled2]" time="0.059" /></testsuite></testsuites>