<?xml version="1.0" encoding="utf-8"?><testsuites><testsuite name="pytest" errors="0" failures="0" skipped="0" tests="36" time="2.804" timestamp="2025-01-31T13:33:21.018272+01:00" hostname="darkstar"><testcase classname="tests.unit.test_deploy" name="test_pebble_ready_plan[None-expected_env0-all]" time="0.083" /><testcase classname="tests.unit.test_deploy" name="test_pebble_ready_plan[None-expected_env0-querier]" time="0.065" /><testcase classname="tests.unit.test_deploy" name="test_pebble_ready_plan[None-expected_env0-query-frontend]" time="0.066" /><testcase classname="tests.unit.test_deploy" name="test_pebble_ready_plan[None-expected_env0-ingester]" time="0.108" /><testcase classname="tests.unit.test_deploy" name="test_pebble_ready_plan[None-expected_env0-distributor]" time="0.067" /><testcase classname="tests.unit.test_deploy" name="test_pebble_ready_plan[None-expected_env0-compactor]" time="0.067" /><testcase classname="tests.unit.test_deploy" name="test_pebble_ready_plan[None-expected_env0-metrics-generator]" time="0.067" /><testcase classname="tests.unit.test_deploy" name="test_pebble_ready_plan[workload_tracing_receivers1-expected_env1-all]" time="0.066" /><testcase classname="tests.unit.test_deploy" name="test_pebble_ready_plan[workload_tracing_receivers1-expected_env1-querier]" time="0.069" /><testcase classname="tests.unit.test_deploy" name="test_pebble_ready_plan[workload_tracing_receivers1-expected_env1-query-frontend]" time="0.069" /><testcase classname="tests.unit.test_deploy" name="test_pebble_ready_plan[workload_tracing_receivers1-expected_env1-ingester]" time="0.071" /><testcase classname="tests.unit.test_deploy" name="test_pebble_ready_plan[workload_tracing_receivers1-expected_env1-distributor]" time="0.070" /><testcase classname="tests.unit.test_deploy" name="test_pebble_ready_plan[workload_tracing_receivers1-expected_env1-compactor]" time="0.071" /><testcase classname="tests.unit.test_deploy" name="test_pebble_ready_plan[workload_tracing_receivers1-expected_env1-metrics-generator]" time="0.066" /><testcase classname="tests.unit.test_deploy" name="test_pebble_ready_plan[workload_tracing_receivers2-expected_env2-all]" time="0.067" /><testcase classname="tests.unit.test_deploy" name="test_pebble_ready_plan[workload_tracing_receivers2-expected_env2-querier]" time="0.068" /><testcase classname="tests.unit.test_deploy" name="test_pebble_ready_plan[workload_tracing_receivers2-expected_env2-query-frontend]" time="0.066" /><testcase classname="tests.unit.test_deploy" name="test_pebble_ready_plan[workload_tracing_receivers2-expected_env2-ingester]" time="0.068" /><testcase classname="tests.unit.test_deploy" name="test_pebble_ready_plan[workload_tracing_receivers2-expected_env2-distributor]" time="0.068" /><testcase classname="tests.unit.test_deploy" name="test_pebble_ready_plan[workload_tracing_receivers2-expected_env2-compactor]" time="0.066" /><testcase classname="tests.unit.test_deploy" name="test_pebble_ready_plan[workload_tracing_receivers2-expected_env2-metrics-generator]" time="0.069" /><testcase classname="tests.unit.test_deploy" name="test_role[all-all]" time="0.059" /><testcase classname="tests.unit.test_deploy" name="test_role[querier-querier]" time="0.063" /><testcase classname="tests.unit.test_deploy" name="test_role[query-frontend-query-frontend]" time="0.060" /><testcase classname="tests.unit.test_deploy" name="test_role[ingester-ingester]" time="0.066" /><testcase classname="tests.unit.test_deploy" name="test_role[distributor-distributor]" time="0.108" /><testcase classname="tests.unit.test_deploy" name="test_role[compactor-compactor]" time="0.063" /><testcase classname="tests.unit.test_deploy" name="test_role[metrics-generator-metrics-generator]" time="0.066" /><testcase classname="tests.unit.test_deploy" name="test_config_juju_topology[all]" time="0.095" /><testcase classname="tests.unit.test_deploy" name="test_config_juju_topology[metrics-generator]" time="0.078" /><testcase classname="tests.unit.test_status" name="test_status_remote_write_endpoints[all-expected0]" time="0.074" /><testcase classname="tests.unit.test_status" name="test_status_remote_write_endpoints[metrics-generator-expected1]" time="0.078" /><testcase classname="tests.unit.test_status" name="test_status_too_many_roles_enabled[roles_enabled0]" time="0.074" /><testcase classname="tests.unit.test_status" name="test_status_too_many_roles_enabled[roles_enabled1]" time="0.079" /><testcase classname="tests.unit.test_status" name="test_status_too_many_roles_enabled[roles_enabled2]" time="0.077" /><testcase classname="tests.unit.test_status" name="test_blocked_config_generator_no_config" time="0.087" /></testsuite></testsuites>